  lab_7_2.cpp
C:\Users\veron\Desktop\SOORT\SOORT\SOORT.cpp(15,16): error C2131: expression did not evaluate to a constant
C:\Users\veron\Desktop\SOORT\SOORT\SOORT.cpp(15,16): message : failure was caused by a read of a variable outside its lifetime
C:\Users\veron\Desktop\SOORT\SOORT\SOORT.cpp(15,16): message : see usage of 'n'
C:\Users\veron\Desktop\SOORT\SOORT\SOORT.cpp(25,48): error C3863: array type 'int [n]' is not assignable
